client/src/App.tsx(54,34): error TS2322: Type 'Promise<typeof import("/home/ubuntu/jordan-customs-system/client/src/pages/Notifications")>' is not assignable to type 'Promise<{ default: ComponentType<any>; }>'.
  Property 'default' is missing in type 'typeof import("/home/ubuntu/jordan-customs-system/client/src/pages/Notifications")' but required in type '{ default: ComponentType<any>; }'.
client/src/components/LiveChatBox.tsx(24,26): error TS2307: Cannot find module '@/hooks/use-toast' or its corresponding type declarations.
client/src/components/LiveChatBoxRealtime.tsx(25,26): error TS2307: Cannot find module '@/hooks/use-toast' or its corresponding type declarations.
client/src/components/SupportDashboard.tsx(105,19): error TS2345: Argument of type '{ id: string; conversationId: string; senderId: number; senderType: "customer" | "agent"; message: string; messageType: "image" | "text" | "system" | "file"; attachmentUrl: string | null; ... 7 more ...; updatedAt: Date; }[]' is not assignable to parameter of type 'SetStateAction<Message[]>'.
  Type '{ id: string; conversationId: string; senderId: number; senderType: "customer" | "agent"; message: string; messageType: "image" | "text" | "system" | "file"; attachmentUrl: string | null; ... 7 more ...; updatedAt: Date; }[]' is not assignable to type 'Message[]'.
    Type '{ id: string; conversationId: string; senderId: number; senderType: "customer" | "agent"; message: string; messageType: "image" | "text" | "system" | "file"; attachmentUrl: string | null; ... 7 more ...; updatedAt: Date; }' is not assignable to type 'Message'.
      Types of property 'messageType' are incompatible.
        Type '"image" | "text" | "system" | "file"' is not assignable to type '"text" | "file"'.
          Type '"image"' is not assignable to type '"text" | "file"'.
client/src/components/SupportDashboard.tsx(133,11): error TS2322: Type '{ id: string; conversationId: string; senderId: number; senderType: "customer" | "agent"; message: string; messageType: "image" | "text" | "system" | "file"; attachmentUrl: string | null; ... 7 more ...; updatedAt: Date; }' is not assignable to type 'Message'.
  Types of property 'messageType' are incompatible.
    Type '"image" | "text" | "system" | "file"' is not assignable to type '"text" | "file"'.
      Type '"image"' is not assignable to type '"text" | "file"'.
client/src/components/SupportDashboard.tsx(140,13): error TS2322: Type '"image" | "text" | "system" | "file"' is not assignable to type '"text" | "file"'.
  Type '"image"' is not assignable to type '"text" | "file"'.
client/src/components/SupportDashboard.tsx(141,13): error TS2322: Type 'boolean | null' is not assignable to type 'boolean'.
  Type 'null' is not assignable to type 'boolean'.
client/src/components/SupportDashboard.tsx(181,6): error TS7006: Parameter 'conv' implicitly has an 'any' type.
client/src/components/SupportDashboard.tsx(256,42): error TS7006: Parameter 'conversation' implicitly has an 'any' type.
client/src/components/TrackingMap.tsx(24,36): error TS2339: Property 'getRealTime' does not exist on type 'DecorateRouterRecord<{ ctx: TrpcContext; meta: object; errorShape: DefaultErrorShape; transformer: true; }, DecorateCreateRouterOptions<{ createContainer: MutationProcedure<{ input: { containerNumber: string; containerType: "20ft" | ... 3 more ... | "other"; ... 7 more ...; notes?: string | undefined; }; output: { ....'.
client/src/hooks/useWebSocket.ts(9,25): error TS2307: Cannot find module './use-auth' or its corresponding type declarations.
client/src/pages/AdvancedTemplates.tsx(21,26): error TS2307: Cannot find module '@/hooks/use-toast' or its corresponding type declarations.
client/src/pages/AdvancedTemplates.tsx(35,37): error TS2339: Property 'smartTemplate' does not exist on type 'CreateTRPCReactBase<BuiltRouter<{ ctx: TrpcContext; meta: object; errorShape: DefaultErrorShape; transformer: true; }, DecorateCreateRouterOptions<{ system: BuiltRouter<{ ctx: TrpcContext; meta: object; errorShape: DefaultErrorShape; transformer: true; }, DecorateCreateRouterOptions<...>>; ... 33 more ...; contact: ...'.
client/src/pages/AdvancedTemplates.tsx(36,29): error TS2339: Property 'preview' does not exist on type 'CreateTRPCReactBase<BuiltRouter<{ ctx: TrpcContext; meta: object; errorShape: DefaultErrorShape; transformer: true; }, DecorateCreateRouterOptions<{ system: BuiltRouter<{ ctx: TrpcContext; meta: object; errorShape: DefaultErrorShape; transformer: true; }, DecorateCreateRouterOptions<...>>; ... 33 more ...; contact: ...'.
client/src/pages/AdvancedTemplates.tsx(42,35): error TS2339: Property 'teamCollaboration' does not exist on type 'CreateTRPCReactBase<BuiltRouter<{ ctx: TrpcContext; meta: object; errorShape: DefaultErrorShape; transformer: true; }, DecorateCreateRouterOptions<{ system: BuiltRouter<{ ctx: TrpcContext; meta: object; errorShape: DefaultErrorShape; transformer: true; }, DecorateCreateRouterOptions<...>>; ... 33 more ...; contact: ...'.
client/src/pages/AdvancedTemplates.tsx(102,50): error TS7006: Parameter 'rec' implicitly has an 'any' type.
client/src/pages/AdvancedTemplates.tsx(219,62): error TS7006: Parameter 'rec' implicitly has an 'any' type.
client/src/pages/AnalyticsDashboard.tsx(36,26): error TS2307: Cannot find module '@/components/ui/use-toast' or its corresponding type declarations.
client/src/pages/AnalyticsDashboard.tsx(51,86): error TS2339: Property 'analytics' does not exist on type 'CreateTRPCReactBase<BuiltRouter<{ ctx: TrpcContext; meta: object; errorShape: DefaultErrorShape; transformer: true; }, DecorateCreateRouterOptions<{ system: BuiltRouter<{ ctx: TrpcContext; meta: object; errorShape: DefaultErrorShape; transformer: true; }, DecorateCreateRouterOptions<...>>; ... 33 more ...; contact: ...'.
client/src/pages/AnalyticsDashboard.tsx(52,37): error TS2339: Property 'analytics' does not exist on type 'CreateTRPCReactBase<BuiltRouter<{ ctx: TrpcContext; meta: object; errorShape: DefaultErrorShape; transformer: true; }, DecorateCreateRouterOptions<{ system: BuiltRouter<{ ctx: TrpcContext; meta: object; errorShape: DefaultErrorShape; transformer: true; }, DecorateCreateRouterOptions<...>>; ... 33 more ...; contact: ...'.
client/src/pages/AnalyticsDashboard.tsx(53,39): error TS2339: Property 'analytics' does not exist on type 'CreateTRPCReactBase<BuiltRouter<{ ctx: TrpcContext; meta: object; errorShape: DefaultErrorShape; transformer: true; }, DecorateCreateRouterOptions<{ system: BuiltRouter<{ ctx: TrpcContext; meta: object; errorShape: DefaultErrorShape; transformer: true; }, DecorateCreateRouterOptions<...>>; ... 33 more ...; contact: ...'.
client/src/pages/AnalyticsDashboard.tsx(54,40): error TS2339: Property 'analytics' does not exist on type 'CreateTRPCReactBase<BuiltRouter<{ ctx: TrpcContext; meta: object; errorShape: DefaultErrorShape; transformer: true; }, DecorateCreateRouterOptions<{ system: BuiltRouter<{ ctx: TrpcContext; meta: object; errorShape: DefaultErrorShape; transformer: true; }, DecorateCreateRouterOptions<...>>; ... 33 more ...; contact: ...'.
client/src/pages/AnalyticsDashboard.tsx(55,39): error TS2339: Property 'analytics' does not exist on type 'CreateTRPCReactBase<BuiltRouter<{ ctx: TrpcContext; meta: object; errorShape: DefaultErrorShape; transformer: true; }, DecorateCreateRouterOptions<{ system: BuiltRouter<{ ctx: TrpcContext; meta: object; errorShape: DefaultErrorShape; transformer: true; }, DecorateCreateRouterOptions<...>>; ... 33 more ...; contact: ...'.
client/src/pages/AnalyticsDashboard.tsx(373,50): error TS2322: Type 'unknown' is not assignable to type 'ReactNode'.
client/src/pages/Export.tsx(10,26): error TS2307: Cannot find module '@/hooks/use-toast' or its corresponding type declarations.
client/src/pages/Export.tsx(28,31): error TS2339: Property 'export' does not exist on type 'CreateTRPCReactBase<BuiltRouter<{ ctx: TrpcContext; meta: object; errorShape: DefaultErrorShape; transformer: true; }, DecorateCreateRouterOptions<{ system: BuiltRouter<{ ctx: TrpcContext; meta: object; errorShape: DefaultErrorShape; transformer: true; }, DecorateCreateRouterOptions<...>>; ... 33 more ...; contact: ...'.
client/src/pages/Export.tsx(29,27): error TS2339: Property 'export' does not exist on type 'CreateTRPCReactBase<BuiltRouter<{ ctx: TrpcContext; meta: object; errorShape: DefaultErrorShape; transformer: true; }, DecorateCreateRouterOptions<{ system: BuiltRouter<{ ctx: TrpcContext; meta: object; errorShape: DefaultErrorShape; transformer: true; }, DecorateCreateRouterOptions<...>>; ... 33 more ...; contact: ...'.
client/src/pages/Invoices.tsx(13,26): error TS2307: Cannot find module '@/components/ui/use-toast' or its corresponding type declarations.
client/src/pages/Invoices.tsx(28,55): error TS2551: Property 'invoice' does not exist on type 'CreateTRPCReactBase<BuiltRouter<{ ctx: TrpcContext; meta: object; errorShape: DefaultErrorShape; transformer: true; }, DecorateCreateRouterOptions<{ system: BuiltRouter<{ ctx: TrpcContext; meta: object; errorShape: DefaultErrorShape; transformer: true; }, DecorateCreateRouterOptions<...>>; ... 33 more ...; contact: ...'. Did you mean 'invoices'?
client/src/pages/Invoices.tsx(34,31): error TS2551: Property 'invoice' does not exist on type 'CreateTRPCReactBase<BuiltRouter<{ ctx: TrpcContext; meta: object; errorShape: DefaultErrorShape; transformer: true; }, DecorateCreateRouterOptions<{ system: BuiltRouter<{ ctx: TrpcContext; meta: object; errorShape: DefaultErrorShape; transformer: true; }, DecorateCreateRouterOptions<...>>; ... 33 more ...; contact: ...'. Did you mean 'invoices'?
client/src/pages/Invoices.tsx(43,15): error TS7006: Parameter 'error' implicitly has an 'any' type.
client/src/pages/Invoices.tsx(52,29): error TS2551: Property 'invoice' does not exist on type 'CreateTRPCReactBase<BuiltRouter<{ ctx: TrpcContext; meta: object; errorShape: DefaultErrorShape; transformer: true; }, DecorateCreateRouterOptions<{ system: BuiltRouter<{ ctx: TrpcContext; meta: object; errorShape: DefaultErrorShape; transformer: true; }, DecorateCreateRouterOptions<...>>; ... 33 more ...; contact: ...'. Did you mean 'invoices'?
client/src/pages/Invoices.tsx(62,32): error TS2551: Property 'invoice' does not exist on type 'CreateTRPCReactBase<BuiltRouter<{ ctx: TrpcContext; meta: object; errorShape: DefaultErrorShape; transformer: true; }, DecorateCreateRouterOptions<{ system: BuiltRouter<{ ctx: TrpcContext; meta: object; errorShape: DefaultErrorShape; transformer: true; }, DecorateCreateRouterOptions<...>>; ... 33 more ...; contact: ...'. Did you mean 'invoices'?
client/src/pages/Invoices.tsx(72,31): error TS2551: Property 'invoice' does not exist on type 'CreateTRPCReactBase<BuiltRouter<{ ctx: TrpcContext; meta: object; errorShape: DefaultErrorShape; transformer: true; }, DecorateCreateRouterOptions<{ system: BuiltRouter<{ ctx: TrpcContext; meta: object; errorShape: DefaultErrorShape; transformer: true; }, DecorateCreateRouterOptions<...>>; ... 33 more ...; contact: ...'. Did you mean 'invoices'?
client/src/pages/Invoices.tsx(360,31): error TS2551: Property 'invoice' does not exist on type 'CreateTRPCReactBase<BuiltRouter<{ ctx: TrpcContext; meta: object; errorShape: DefaultErrorShape; transformer: true; }, DecorateCreateRouterOptions<{ system: BuiltRouter<{ ctx: TrpcContext; meta: object; errorShape: DefaultErrorShape; transformer: true; }, DecorateCreateRouterOptions<...>>; ... 33 more ...; contact: ...'. Did you mean 'invoices'?
client/src/pages/Notifications.tsx(237,19): error TS2322: Type 'boolean | null' is not assignable to type 'boolean | undefined'.
  Type 'null' is not assignable to type 'boolean | undefined'.
client/src/pages/Notifications.tsx(251,19): error TS2322: Type 'boolean | null' is not assignable to type 'boolean | undefined'.
  Type 'null' is not assignable to type 'boolean | undefined'.
